<?xml version="1.0" encoding="UTF-8"?>
<!-- Generated by org.testng.reporters.JUnitXMLReporter -->
<testsuite ignored="0" hostname="LAPTOP-T8I5JFI7" failures="0" tests="2" name="Test(failed)" time="29.787" errors="0" timestamp="2024-10-03T22:12:34 IST">
  <testcase classname="com.amazon.automation.Amazon_Automation.Amazon_Registration" name="register_amazon" time="3.986">
    <skipped/>
  </testcase> <!-- register_amazon -->
  <testcase classname="com.amazon.automation.Amazon_Automation.Amazon_Registration" name="register_amazon" time="3.333"/>
</testsuite> <!-- Test(failed) -->
